```json
{
  "schema_version": 1,
  "verdict": "BLOCK",
  "summary": "The revision only adds an execution metadata file. The required UI and API changes for the five-operation impact matrix and proposed-policy loading are absent, so the acceptance criteria are neither implemented nor verifiable.",
  "findings": [
    {
      "severity": "block",
      "summary": "The diff does not update `IMPACT_MATRIX_OPERATIONS` to include `create` and `update`; there are no changes to the policy evaluator at the required location.",
      "location": "ui/src/lib/policy-evaluator.ts:500"
    },
    {
      "severity": "block",
      "summary": "No proposed-policy state or loading logic was added on the policies page. The required declarations, reset behavior, and second fetch fanout for draft `access_control` are missing.",
      "location": "ui/src/routes/tenants/[tenant]/databases/[database]/policies/+page.svelte:94"
    },
    {
      "severity": "block",
      "summary": "The only changed file is execution metadata, which provides no implementation or durable evidence that typecheck, lint, or the existing policy-authoring end-to-end test were run successfully against the required code changes.",
      "location": ".ddx/executions/20260429T235353-d14f6b91/result.json:1"
    }
  ]
}
```