I'll evaluate the bead implementation against the acceptance criteria. The actual implementation is in commit 333d1a1 (the diff shown is just execution evidence).

Findings:
- **AC1** ✓ — `audit/+page.svelte` now binds `{@const rl = redactValue(selectedEntry.intent_lineage, redactedFieldsFor(selectedEntry.collection))}` and renders all enumerated metadata fields via `rl.*`.
- **AC2** ✓ — `safeJson(payload, collection)` for `data_before`/`data_after` is unchanged.
- **AC3** ✓ — Test "contractor lineage redacts metadata fields" added with `[redacted]` assertions for `reason`/`approver` and plain-text assertions for `decision`/`origin`.
- **AC4** Partial — DOM-snapshot, localStorage, sessionStorage, and document.title leakage probes are present (matching the actual `policy-enforcement.spec.ts` sibling). The AC explicitly enumerates "copied text (clipboard simulation), and console logs (page.evaluate inspections)" which are not covered. The sibling pattern itself also omits these, so the test does match its referenced precedent — but it does not cover the items listed by name in AC4.
- **AC5** Likely ✓ — operator path passes lineage through `redactValue(.., [])`; with an empty redaction list this is a structural identity for non-null leaves.
- **AC6/AC7** Cannot verify offline, but the diff is small and unlikely to break lint/check.

```json
{
  "schema_version": 1,
  "verdict": "REQUEST_CHANGES",
  "summary": "AC1–AC3 fully implemented; AC4 partial — DOM/localStorage/sessionStorage/title leakage probes present (matching the actual sibling pattern), but the explicit AC4 enumerations for clipboard simulation and console-log inspections are not added.",
  "findings": [
    { "severity": "info", "summary": "Lineage metadata fields correctly route through redactValue(redactedFieldsFor(collection)) via {@const rl = ...}; data_before/data_after path untouched.", "location": "ui/src/routes/tenants/[tenant]/databases/[database]/audit/+page.svelte:397-434" },
    { "severity": "warn", "summary": "AC4 enumerates clipboard simulation and console-log (page.evaluate) inspections; spec only checks page.content(), localStorage, sessionStorage, and document.title. Matches the actual axon-c3895a14 sibling test, but does not cover the items listed by name in AC4.", "location": "ui/tests/e2e/intent-audit-lineage.spec.ts:399-415" },
    { "severity": "info", "summary": "Operator (existing 8 tests) should still pass: empty redactedFields makes redactValue a structural copy; rl.intent_id is unused (the link still references selectedEntry.intent_lineage.intent_id).", "location": "ui/src/routes/tenants/[tenant]/databases/[database]/audit/+page.svelte:407-411" }
  ]
}
```