```json
{
  "schema_version": 1,
  "verdict": "BLOCK",
  "summary": "The diff only adds execution metadata and does not include any of the required UI or API changes, so none of the acceptance criteria can be verified as implemented.",
  "findings": [
    {
      "severity": "block",
      "summary": "No change updates `IMPACT_MATRIX_OPERATIONS` to include `create` and `update`, so the required five-operation matrix is not implemented.",
      "location": "ui/src/lib/policy-evaluator.ts:500"
    },
    {
      "severity": "block",
      "summary": "No change adds the proposed-policy state slots or the second proposed-policy fetch/reset flow, so the required proposed impact-matrix behavior is absent.",
      "location": "ui/src/routes/tenants/[tenant]/databases/[database]/policies/+page.svelte:94"
    },
    {
      "severity": "block",
      "summary": "The only modified file is execution metadata; there is no evidence of the API extension for optional `policyOverride` or any implementation that could satisfy the typecheck, lint, and existing policy-authoring test requirements.",
      "location": ".ddx/executions/20260430T010704-32f384e1/result.json:1"
    }
  ]
}
```