All 5 ACs verified:
- **AC1** docs added in handler.rs, dynamic.rs, adapter.rs, gateway.rs, service.rs
- **AC2** all 5 surface tests present (typed reject, txn reject, HTTP upsert, gRPC upsert, storage overwrite)
- **AC3** result.json reports exit_code=0/task_succeeded
- **AC4** axon-9490abe4 status=closed with notes pointing to closing_commit_sha
- **AC5** axon-27ee5f04 already closed

```json
{
  "schema_version": 1,
  "verdict": "APPROVE",
  "summary": "Pattern B implemented per create-semantics.md: strict create_entity_strict path wired into typed GraphQL createXxx, HTTP/gRPC retain upsert, storage put documented as overwrite. All 5 surface tests added; both linked beads closed with cross-references.",
  "findings": [
    {
      "severity": "info",
      "summary": "Reviewed diff (d72132f) only contains .ddx execution evidence; the actual implementation is the bead's closing_commit_sha e08baf3 (referenced by manifest/result). Evaluation considered that commit's changes since the bead-review block describes the same work.",
      "location": ".ddx/executions/20260503T042646-987bd791/result.json"
    },
    {
      "severity": "info",
      "summary": "Strict path implemented as a new wrapper (create_entity_strict_with_caller) that performs a pre-check via storage.get before delegating to the existing create path. Race-window between get and put is acceptable for the in-memory adapter but worth noting for future SQL-backed adapters; not in scope for this AC set.",
      "location": "crates/axon-api/src/handler.rs:3286-3299"
    }
  ]
}
```